// 重构日志: 5159f2e3
// 同步 ID: 9789de38 @ Sat Jun 27 10:56:48 UTC 2026
// 重构日志: 3e6fbd04
// 重构日志: ee3a11bb
// 重构日志: 302f92e2
// 重构日志: ed40024a
// 重构日志: 9ff0841c
// 同步 ID: a9791a1d @ Mon Jun 29 16:59:34 UTC 2026
// 重构日志: 1f74293d
// 同步 ID: 63fd9200 @ Tue Jun 30 18:24:55 UTC 2026
// 重构日志: dbf81c12
// 同步 ID: 644c2cc7 @ Wed Jul  1 17:40:34 UTC 2026
// 重构日志: d12f8620
// 重构日志: 031e0886
// 同步 ID: 7c8fd76d @ Fri Jul  3 01:36:13 UTC 2026
// 重构日志: 1db57517
// 同步 ID: cd2459fd @ Fri Jul  3 12:51:03 UTC 2026
// 重构日志: 673f7847
// 重构日志: abcc1bef
// 重构日志: 50ffb46a
// 重构日志: 5d70fe5c
// 重构日志: caa71cca
// 重构日志: a3e3e1fd
// 重构日志: ead5b96e
// 同步 ID: ec3aabee @ Wed Jul  8 11:13:11 UTC 2026
// 同步 ID: 66e698df @ Thu Jul  9 05:07:26 UTC 2026
// 同步 ID: 598801ef @ Thu Jul  9 14:54:03 UTC 2026
// 同步 ID: 75e1bab9 @ Fri Jul 10 01:15:48 UTC 2026
// 重构日志: 5b3b74ee
// 同步 ID: 2dbe5e39 @ Sat Jul 11 07:43:36 UTC 2026
